[2019-10-26T21:22:12.674] [TRACE] wildseve - Syncing started.....
[2019-10-26T21:22:12.674] [TRACE] wildseve - Form Syncing :: _Y5_M4_
[2019-10-26T21:22:13.674] [TRACE] wildseve - Syncing HWC . . . . 
[2019-10-26T21:22:15.960] [TRACE] wildseve - Total Records to Sync - 80
[2019-10-26T21:22:54.618] [TRACE] wildseve - HWC Record inserted : 1 :: 1
[2019-10-26T21:22:56.198] [TRACE] wildseve - HWC Record inserted : 1 :: 2
[2019-10-26T21:22:56.482] [TRACE] wildseve - HWC Record inserted : 1 :: 3
[2019-10-26T21:22:56.764] [TRACE] wildseve - HWC Record inserted : 1 :: 4
[2019-10-26T21:23:01.530] [TRACE] wildseve - HWC Record inserted : 1 :: 5
[2019-10-26T21:23:01.824] [TRACE] wildseve - HWC Record inserted : 1 :: 6
[2019-10-26T21:23:02.847] [TRACE] wildseve - HWC Record inserted : 1 :: 7
[2019-10-26T21:23:05.122] [TRACE] wildseve - HWC Record inserted : 1 :: 8
[2019-10-26T21:23:05.404] [TRACE] wildseve - HWC Record inserted : 1 :: 9
[2019-10-26T21:23:05.944] [TRACE] wildseve - HWC Record inserted : 1 :: 10
[2019-10-26T21:23:06.227] [TRACE] wildseve - HWC Record inserted : 1 :: 11
[2019-10-26T21:23:07.244] [TRACE] wildseve - HWC Record inserted : 1 :: 12
[2019-10-26T21:23:08.582] [TRACE] wildseve - HWC Record inserted : 1 :: 13
[2019-10-26T21:23:09.578] [TRACE] wildseve - HWC Record inserted : 1 :: 14
[2019-10-26T21:23:09.860] [TRACE] wildseve - HWC Record inserted : 1 :: 15
[2019-10-26T21:23:10.393] [TRACE] wildseve - HWC Record inserted : 1 :: 16
[2019-10-26T21:23:11.498] [TRACE] wildseve - HWC Record inserted : 1 :: 17
[2019-10-26T21:23:11.780] [TRACE] wildseve - HWC Record inserted : 1 :: 18
[2019-10-26T21:23:12.065] [TRACE] wildseve - HWC Record inserted : 1 :: 19
[2019-10-26T21:23:12.349] [TRACE] wildseve - HWC Record inserted : 1 :: 20
[2019-10-26T21:23:12.630] [TRACE] wildseve - HWC Record inserted : 1 :: 21
[2019-10-26T21:23:13.161] [TRACE] wildseve - HWC Record inserted : 1 :: 22
[2019-10-26T21:23:14.227] [TRACE] wildseve - HWC Record inserted : 1 :: 23
[2019-10-26T21:23:15.355] [TRACE] wildseve - HWC Record inserted : 1 :: 24
[2019-10-26T21:23:15.886] [TRACE] wildseve - HWC Record inserted : 1 :: 25
[2019-10-26T21:23:21.397] [TRACE] wildseve - HWC Flagged Record - 1 :: 111
[2019-10-26T21:23:21.937] [TRACE] wildseve - HWC Flagged Record - 1 :: 112
[2019-10-26T21:23:22.745] [TRACE] wildseve - HWC Flagged Record - 1 :: 113
[2019-10-26T21:23:23.298] [TRACE] wildseve - HWC Flagged Record - 1 :: 114
[2019-10-26T21:23:24.638] [TRACE] wildseve - HWC Flagged Record - 1 :: 115
[2019-10-26T21:23:25.179] [TRACE] wildseve - HWC Flagged Record - 1 :: 116
[2019-10-26T21:23:25.975] [TRACE] wildseve - HWC Flagged Record - 1 :: 117
[2019-10-26T21:23:26.526] [TRACE] wildseve - HWC Flagged Record - 1 :: 118
[2019-10-26T21:23:27.067] [TRACE] wildseve - HWC Flagged Record - 1 :: 119
[2019-10-26T21:23:27.611] [TRACE] wildseve - HWC Flagged Record - 1 :: 120
[2019-10-26T21:23:28.155] [TRACE] wildseve - HWC Flagged Record - 1 :: 121
[2019-10-26T21:23:28.713] [TRACE] wildseve - HWC Flagged Record - 1 :: 122
[2019-10-26T21:23:29.254] [TRACE] wildseve - HWC Flagged Record - 1 :: 123
[2019-10-26T21:23:30.595] [TRACE] wildseve - HWC Flagged Record - 1 :: 124
[2019-10-26T21:23:31.956] [TRACE] wildseve - HWC Flagged Record - 1 :: 125
[2019-10-26T21:23:32.501] [TRACE] wildseve - HWC Flagged Record - 1 :: 126
[2019-10-26T21:23:33.051] [TRACE] wildseve - HWC Flagged Record - 1 :: 127
[2019-10-26T21:23:33.591] [TRACE] wildseve - HWC Flagged Record - 1 :: 128
[2019-10-26T21:23:34.137] [TRACE] wildseve - HWC Flagged Record - 1 :: 129
[2019-10-26T21:23:35.454] [TRACE] wildseve - HWC Flagged Record - 1 :: 130
[2019-10-26T21:23:36.012] [TRACE] wildseve - HWC Flagged Record - 1 :: 131
[2019-10-26T21:23:36.565] [TRACE] wildseve - HWC Flagged Record - 1 :: 132
[2019-10-26T21:23:39.701] [TRACE] wildseve - HWC Flagged Record - 1 :: 133
[2019-10-26T21:23:40.524] [TRACE] wildseve - HWC Flagged Record - 1 :: 134
[2019-10-26T21:23:41.064] [TRACE] wildseve - HWC Flagged Record - 1 :: 135
[2019-10-26T21:23:41.613] [TRACE] wildseve - HWC Flagged Record - 1 :: 136
[2019-10-26T21:23:42.167] [TRACE] wildseve - HWC Flagged Record - 1 :: 137
[2019-10-26T21:23:43.486] [TRACE] wildseve - HWC Flagged Record - 1 :: 138
[2019-10-26T21:23:44.041] [TRACE] wildseve - HWC Flagged Record - 1 :: 139
[2019-10-26T21:23:44.583] [TRACE] wildseve - HWC Flagged Record - 1 :: 140
[2019-10-26T21:23:48.819] [TRACE] wildseve - HWC Flagged Record - 1 :: 141
[2019-10-26T21:23:53.031] [TRACE] wildseve - HWC Flagged Record - 1 :: 142
[2019-10-26T21:23:54.349] [TRACE] wildseve - HWC Flagged Record - 1 :: 143
[2019-10-26T21:23:54.889] [TRACE] wildseve - HWC Flagged Record - 1 :: 144
[2019-10-26T21:23:55.446] [TRACE] wildseve - HWC Flagged Record - 1 :: 145
[2019-10-26T21:23:56.261] [TRACE] wildseve - HWC Flagged Record - 1 :: 146
[2019-10-26T21:23:57.602] [TRACE] wildseve - HWC Flagged Record - 1 :: 147
[2019-10-26T21:23:58.384] [TRACE] wildseve - HWC Flagged Record - 1 :: 148
[2019-10-26T21:23:59.178] [TRACE] wildseve - HWC Flagged Record - 1 :: 149
[2019-10-26T21:23:59.738] [TRACE] wildseve - HWC Flagged Record - 1 :: 150
[2019-10-26T21:24:00.279] [TRACE] wildseve - HWC Flagged Record - 1 :: 151
[2019-10-26T21:24:00.839] [TRACE] wildseve - HWC Flagged Record - 1 :: 152
[2019-10-26T21:24:01.383] [TRACE] wildseve - HWC Flagged Record - 1 :: 153
[2019-10-26T21:24:02.670] [TRACE] wildseve - HWC Flagged Record - 1 :: 154
[2019-10-26T21:24:03.944] [TRACE] wildseve - HWC Flagged Record - 1 :: 155
[2019-10-26T21:24:04.918] [TRACE] wildseve - HWC Flagged Record - 1 :: 156
[2019-10-26T21:24:05.459] [TRACE] wildseve - HWC Flagged Record - 1 :: 157
[2019-10-26T21:24:06.019] [TRACE] wildseve - HWC Flagged Record - 1 :: 158
[2019-10-26T21:24:06.564] [TRACE] wildseve - HWC Flagged Record - 1 :: 159
[2019-10-26T21:24:07.121] [TRACE] wildseve - HWC Flagged Record - 1 :: 160
[2019-10-26T21:24:07.659] [TRACE] wildseve - HWC Flagged Record - 1 :: 161
[2019-10-26T21:24:08.201] [TRACE] wildseve - HWC Flagged Record - 1 :: 162
[2019-10-26T21:24:09.008] [TRACE] wildseve - HWC Flagged Record - 1 :: 163
[2019-10-26T21:24:09.576] [TRACE] wildseve - HWC Flagged Record - 1 :: 164
[2019-10-26T21:24:10.128] [TRACE] wildseve - HWC Flagged Record - 1 :: 165
